[03/Jul/2022:13:43:17] (I): WordPress Instance Info:
[03/Jul/2022:13:43:17] (I): Home URL : http://localhost:8888/promart
[03/Jul/2022:13:43:17] (I): Site URL : http://localhost:8888/promart
[03/Jul/2022:13:43:17] (I): WordPress Version : 6.0
[03/Jul/2022:13:43:17] (I): Onboarding Version : 1.1.23
[03/Jul/2022:13:43:17] (I): Multisite : No
[03/Jul/2022:13:43:17] (I): Server Info : Apache/2.4.46 (Unix) OpenSSL/1.0.2u PHP/7.4.21 mod_wsgi/3.5 Python/2.7.13 mod_fastcgi/mod_fastcgi-SNAP-0910052141 mod_perl/2.0.11 Perl/v5.30.1
[03/Jul/2022:13:43:17] (I): PHP Version : 7.4.21
[03/Jul/2022:13:43:17] (I): HTTPS : No
[03/Jul/2022:13:43:17] (I): PHP Max Execution Time : 30
[03/Jul/2022:13:43:17] (I): PHP Max Input Vars : 1000
[03/Jul/2022:13:43:17] (I): Max Upload Size : 8388608
[03/Jul/2022:13:43:17] (I): Plugins:
[03/Jul/2022:13:43:17] (I): [PLUGIN] Templates Patterns Collection : v1.1.23 (ThemeIsle)
[03/Jul/2022:13:43:17] (P): Saving remote XML
[03/Jul/2022:13:43:17] (S): Saved remote XML at path /Applications/MAMP/htdocs/promart/wp-content/uploads/themeisle-demo-import.xml.
[03/Jul/2022:13:43:17] (P): Starting content import...
[03/Jul/2022:13:43:17] (S): Import started.
[03/Jul/2022:13:43:17] (S): Parsing XML file.
[03/Jul/2022:13:43:17] (P): Starting parsing file:/Applications/MAMP/htdocs/promart/wp-content/uploads/themeisle-demo-import.xml
[03/Jul/2022:13:43:17] (P): Using WXR_Parser_SimpleXML...
[03/Jul/2022:13:43:18] (S): Parsed XML
[03/Jul/2022:13:43:18] (P): Processing categories...
[03/Jul/2022:13:43:18] (S): Processed categories.
[03/Jul/2022:13:43:18] (P): Processing tags...
[03/Jul/2022:13:43:18] (S): No tags to process.
[03/Jul/2022:13:43:18] (P): Processing terms...
[03/Jul/2022:13:43:18] (W): Failed to import tcb_symbols_tax Footers
[03/Jul/2022:13:43:18] (E): Неверная таксономия.
[03/Jul/2022:13:43:18] (W): Failed to import tcb_symbols_tax Headers
[03/Jul/2022:13:43:18] (E): Неверная таксономия.
[03/Jul/2022:13:43:18] (S): Processed terms.
[03/Jul/2022:13:43:18] (P): Processing posts...
[03/Jul/2022:13:43:18] (P): Processing attachment: https://s33834.pcdn.co/web-agency-gb/wp-content/uploads/sites/422/2020/01/neve-webdesign-GB-01.png...
[03/Jul/2022:13:43:18] (P): Fetching attachment from url: https://s33834.pcdn.co/web-agency-gb/wp-content/uploads/sites/422/2020/01/neve-webdesign-GB-01.png...
[03/Jul/2022:13:43:18] (S): Fetched remote attachment.
[03/Jul/2022:13:43:18] (P): Inserting attachment...
[03/Jul/2022:13:43:18] (S): Attachment inserted
[03/Jul/2022:13:43:18] (S): Processed attachment.
[03/Jul/2022:13:43:18] (P): Processing attachment: https://s33834.pcdn.co/web-agency-gb/wp-content/uploads/sites/422/2020/01/neve-webdesign-GB-03.png...
[03/Jul/2022:13:43:18] (P): Fetching attachment from url: https://s33834.pcdn.co/web-agency-gb/wp-content/uploads/sites/422/2020/01/neve-webdesign-GB-03.png...
[03/Jul/2022:13:43:18] (S): Fetched remote attachment.
[03/Jul/2022:13:43:18] (P): Inserting attachment...
[03/Jul/2022:13:43:18] (S): Attachment inserted
[03/Jul/2022:13:43:18] (S): Processed attachment.
[03/Jul/2022:13:43:18] (P): Processing attachment: https://s33834.pcdn.co/web-agency-gb/wp-content/uploads/sites/422/2020/01/neve-webdesign-GB-04.png...
[03/Jul/2022:13:43:18] (P): Fetching attachment from url: https://s33834.pcdn.co/web-agency-gb/wp-content/uploads/sites/422/2020/01/neve-webdesign-GB-04.png...
[03/Jul/2022:13:43:18] (S): Fetched remote attachment.
[03/Jul/2022:13:43:18] (P): Inserting attachment...
[03/Jul/2022:13:43:18] (S): Attachment inserted
[03/Jul/2022:13:43:18] (S): Processed attachment.
[03/Jul/2022:13:43:18] (P): Processing attachment: https://s33834.pcdn.co/web-agency-gb/wp-content/uploads/sites/422/2020/01/neve-web-design-bg-08.jpg...
[03/Jul/2022:13:43:18] (P): Fetching attachment from url: https://s33834.pcdn.co/web-agency-gb/wp-content/uploads/sites/422/2020/01/neve-web-design-bg-08.jpg...
[03/Jul/2022:13:43:18] (S): Fetched remote attachment.
[03/Jul/2022:13:43:18] (P): Inserting attachment...
[03/Jul/2022:13:43:18] (S): Attachment inserted
[03/Jul/2022:13:43:18] (S): Processed attachment.
[03/Jul/2022:13:43:18] (P): Processing attachment: https://s33834.pcdn.co/web-agency-gb/wp-content/uploads/sites/422/2020/01/neve-web-design-bg-09.jpg...
[03/Jul/2022:13:43:18] (P): Fetching attachment from url: https://s33834.pcdn.co/web-agency-gb/wp-content/uploads/sites/422/2020/01/neve-web-design-bg-09.jpg...
[03/Jul/2022:13:43:19] (S): Fetched remote attachment.
[03/Jul/2022:13:43:19] (P): Inserting attachment...
[03/Jul/2022:13:43:19] (S): Attachment inserted
[03/Jul/2022:13:43:19] (S): Processed attachment.
[03/Jul/2022:13:43:19] (P): Processing attachment: https://s33834.pcdn.co/web-agency-gb/wp-content/uploads/sites/422/2020/01/neve-web-design-bg-10.jpg...
[03/Jul/2022:13:43:19] (P): Fetching attachment from url: https://s33834.pcdn.co/web-agency-gb/wp-content/uploads/sites/422/2020/01/neve-web-design-bg-10.jpg...
[03/Jul/2022:13:43:19] (S): Fetched remote attachment.
[03/Jul/2022:13:43:19] (P): Inserting attachment...
[03/Jul/2022:13:43:19] (S): Attachment inserted
[03/Jul/2022:13:43:19] (S): Processed attachment.
[03/Jul/2022:13:43:19] (P): Processing attachment: https://s33834.pcdn.co/web-agency-gb/wp-content/uploads/sites/422/2020/01/neve-web-design-bg-11.jpg...
[03/Jul/2022:13:43:19] (P): Fetching attachment from url: https://s33834.pcdn.co/web-agency-gb/wp-content/uploads/sites/422/2020/01/neve-web-design-bg-11.jpg...
[03/Jul/2022:13:43:19] (S): Fetched remote attachment.
[03/Jul/2022:13:43:19] (P): Inserting attachment...
[03/Jul/2022:13:43:19] (S): Attachment inserted
[03/Jul/2022:13:43:19] (S): Processed attachment.
[03/Jul/2022:13:43:19] (P): Processing attachment: https://s33834.pcdn.co/web-agency-gb/wp-content/uploads/sites/422/2020/01/neve-web-design-bg-12.jpg...
[03/Jul/2022:13:43:19] (P): Fetching attachment from url: https://s33834.pcdn.co/web-agency-gb/wp-content/uploads/sites/422/2020/01/neve-web-design-bg-12.jpg...
[03/Jul/2022:13:43:19] (S): Fetched remote attachment.
[03/Jul/2022:13:43:19] (P): Inserting attachment...
[03/Jul/2022:13:43:19] (S): Attachment inserted
[03/Jul/2022:13:43:19] (S): Processed attachment.
[03/Jul/2022:13:43:19] (P): Processing attachment: https://s33834.pcdn.co/web-agency-gb/wp-content/uploads/sites/422/2020/01/neve-web-design-bg-13.jpg...
[03/Jul/2022:13:43:19] (P): Fetching attachment from url: https://s33834.pcdn.co/web-agency-gb/wp-content/uploads/sites/422/2020/01/neve-web-design-bg-13.jpg...
[03/Jul/2022:13:43:19] (S): Fetched remote attachment.
[03/Jul/2022:13:43:19] (P): Inserting attachment...
[03/Jul/2022:13:43:19] (S): Attachment inserted
[03/Jul/2022:13:43:20] (S): Processed attachment.
[03/Jul/2022:13:43:20] (P): Processing attachment: https://s33834.pcdn.co/web-agency-gb/wp-content/uploads/sites/422/2020/01/neve-web-design-bg-14.jpg...
[03/Jul/2022:13:43:20] (P): Fetching attachment from url: https://s33834.pcdn.co/web-agency-gb/wp-content/uploads/sites/422/2020/01/neve-web-design-bg-14.jpg...
[03/Jul/2022:13:43:20] (S): Fetched remote attachment.
[03/Jul/2022:13:43:20] (P): Inserting attachment...
[03/Jul/2022:13:43:20] (S): Attachment inserted
[03/Jul/2022:13:43:20] (S): Processed attachment.
[03/Jul/2022:13:43:20] (P): Processing attachment: https://s33834.pcdn.co/web-agency-gb/wp-content/uploads/sites/422/2020/01/neve-web-design-bg-15.jpg...
[03/Jul/2022:13:43:20] (P): Fetching attachment from url: https://s33834.pcdn.co/web-agency-gb/wp-content/uploads/sites/422/2020/01/neve-web-design-bg-15.jpg...
[03/Jul/2022:13:43:20] (S): Fetched remote attachment.
[03/Jul/2022:13:43:20] (P): Inserting attachment...
[03/Jul/2022:13:43:20] (S): Attachment inserted
[03/Jul/2022:13:43:20] (S): Processed attachment.
[03/Jul/2022:13:43:20] (P): Processing attachment: https://s33834.pcdn.co/web-agency-gb/wp-content/uploads/sites/422/2020/06/cropped-web-agency-icon.png...
[03/Jul/2022:13:43:20] (P): Fetching attachment from url: https://s33834.pcdn.co/web-agency-gb/wp-content/uploads/sites/422/2020/06/cropped-web-agency-icon.png...
[03/Jul/2022:13:43:20] (S): Fetched remote attachment.
[03/Jul/2022:13:43:20] (P): Inserting attachment...
[03/Jul/2022:13:43:20] (S): Attachment inserted
[03/Jul/2022:13:43:20] (S): Processed attachment.
[03/Jul/2022:13:43:20] (P): Processing attachment: https://s33834.pcdn.co/web-agency-gb/wp-content/uploads/sites/422/2020/07/web-design-studio-01.jpg.jpg...
[03/Jul/2022:13:43:20] (P): Fetching attachment from url: https://s33834.pcdn.co/web-agency-gb/wp-content/uploads/sites/422/2020/07/web-design-studio-01.jpg.jpg...
[03/Jul/2022:13:43:20] (S): Fetched remote attachment.
[03/Jul/2022:13:43:20] (P): Inserting attachment...
[03/Jul/2022:13:43:20] (S): Attachment inserted
[03/Jul/2022:13:43:20] (S): Processed attachment.
[03/Jul/2022:13:43:20] (P): Processing attachment: https://s33834.pcdn.co/web-agency-gb/wp-content/uploads/sites/422/2020/12/web-agency-logo-3.png...
[03/Jul/2022:13:43:20] (P): Fetching attachment from url: https://s33834.pcdn.co/web-agency-gb/wp-content/uploads/sites/422/2020/12/web-agency-logo-3.png...
[03/Jul/2022:13:43:20] (S): Fetched remote attachment.
[03/Jul/2022:13:43:20] (P): Inserting attachment...
[03/Jul/2022:13:43:20] (S): Attachment inserted
[03/Jul/2022:13:43:20] (S): Processed attachment.
[03/Jul/2022:13:43:20] (P): Processing attachment: https://s33834.pcdn.co/web-agency-gb/wp-content/uploads/sites/422/2020/12/neve-web-design-studio-02.1.jpg...
[03/Jul/2022:13:43:20] (P): Fetching attachment from url: https://s33834.pcdn.co/web-agency-gb/wp-content/uploads/sites/422/2020/12/neve-web-design-studio-02.1.jpg...
[03/Jul/2022:13:43:21] (S): Fetched remote attachment.
[03/Jul/2022:13:43:21] (P): Inserting attachment...
[03/Jul/2022:13:43:21] (S): Attachment inserted
[03/Jul/2022:13:43:21] (S): Processed attachment.
[03/Jul/2022:13:43:21] (P): Processing attachment: https://s33834.pcdn.co/web-agency-gb/wp-content/uploads/sites/422/2020/12/neve-web-design-studio-03.1.jpg...
[03/Jul/2022:13:43:21] (P): Fetching attachment from url: https://s33834.pcdn.co/web-agency-gb/wp-content/uploads/sites/422/2020/12/neve-web-design-studio-03.1.jpg...
[03/Jul/2022:13:43:21] (S): Fetched remote attachment.
[03/Jul/2022:13:43:21] (P): Inserting attachment...
[03/Jul/2022:13:43:21] (S): Attachment inserted
[03/Jul/2022:13:43:21] (S): Processed attachment.
[03/Jul/2022:13:43:21] (P): Processing attachment: https://s33834.pcdn.co/web-agency-gb/wp-content/uploads/sites/422/2020/12/neve-web-design-studio-04.1.jpg...
[03/Jul/2022:13:43:21] (P): Fetching attachment from url: https://s33834.pcdn.co/web-agency-gb/wp-content/uploads/sites/422/2020/12/neve-web-design-studio-04.1.jpg...
[03/Jul/2022:13:43:21] (S): Fetched remote attachment.
[03/Jul/2022:13:43:21] (P): Inserting attachment...
[03/Jul/2022:13:43:21] (S): Attachment inserted
[03/Jul/2022:13:43:21] (S): Processed attachment.
[03/Jul/2022:13:43:21] (P): Processing attachment: https://s33834.pcdn.co/web-agency-gb/wp-content/uploads/sites/422/2020/12/neve-web-design-studio-07.1.png...
[03/Jul/2022:13:43:21] (P): Fetching attachment from url: https://s33834.pcdn.co/web-agency-gb/wp-content/uploads/sites/422/2020/12/neve-web-design-studio-07.1.png...
[03/Jul/2022:13:43:21] (S): Fetched remote attachment.
[03/Jul/2022:13:43:21] (P): Inserting attachment...
[03/Jul/2022:13:43:21] (S): Attachment inserted
[03/Jul/2022:13:43:21] (S): Processed attachment.
[03/Jul/2022:13:43:21] (P): Processing attachment: https://s33834.pcdn.co/web-agency-gb/wp-content/uploads/sites/422/2021/06/phone-sm.png...
[03/Jul/2022:13:43:21] (P): Fetching attachment from url: https://s33834.pcdn.co/web-agency-gb/wp-content/uploads/sites/422/2021/06/phone-sm.png...
[03/Jul/2022:13:43:21] (S): Fetched remote attachment.
[03/Jul/2022:13:43:21] (P): Inserting attachment...
[03/Jul/2022:13:43:22] (S): Attachment inserted
[03/Jul/2022:13:43:22] (S): Processed attachment.
[03/Jul/2022:13:43:22] (P): Processing attachment: https://s33834.pcdn.co/web-agency-gb/wp-content/uploads/sites/422/2021/06/location-sm.png...
[03/Jul/2022:13:43:22] (P): Fetching attachment from url: https://s33834.pcdn.co/web-agency-gb/wp-content/uploads/sites/422/2021/06/location-sm.png...
[03/Jul/2022:13:43:22] (S): Fetched remote attachment.
[03/Jul/2022:13:43:22] (P): Inserting attachment...
[03/Jul/2022:13:43:22] (S): Attachment inserted
[03/Jul/2022:13:43:22] (S): Processed attachment.
[03/Jul/2022:13:43:22] (P): Inserting post: 5 UX Principles for Creating a Great Website .
[03/Jul/2022:13:43:22] (S): Done inserting post: 5 UX Principles for Creating a Great Website .
[03/Jul/2022:13:43:22] (P): Inserting page: News .
[03/Jul/2022:13:43:22] (S): Done inserting page: News .
[03/Jul/2022:13:43:22] (P): Inserting page: Home .
[03/Jul/2022:13:43:22] (S): Done inserting page: Home .
[03/Jul/2022:13:43:22] (P): Processing single menu item ' '...
[03/Jul/2022:13:43:22] (S): Processed single menu item.
[03/Jul/2022:13:43:22] (P): Processing single menu item ' '...
[03/Jul/2022:13:43:22] (S): Processed single menu item.
[03/Jul/2022:13:43:22] (P): Inserting post: Web Design Trends for 2022 .
[03/Jul/2022:13:43:22] (S): Done inserting post: Web Design Trends for 2022 .
[03/Jul/2022:13:43:22] (P): Inserting post: A Simple Guide to Design Thinking .
[03/Jul/2022:13:43:22] (S): Done inserting post: A Simple Guide to Design Thinking .
[03/Jul/2022:13:43:22] (P): Inserting page: About Us .
[03/Jul/2022:13:43:22] (S): Done inserting page: About Us .
[03/Jul/2022:13:43:22] (P): Processing single menu item ' '...
[03/Jul/2022:13:43:22] (S): Processed single menu item.
[03/Jul/2022:13:43:22] (P): Inserting page: Portfolio .
[03/Jul/2022:13:43:22] (S): Done inserting page: Portfolio .
[03/Jul/2022:13:43:22] (P): Inserting page: Portfolio Single .
[03/Jul/2022:13:43:22] (S): Done inserting page: Portfolio Single .
[03/Jul/2022:13:43:23] (P): Processing single menu item ' '...
[03/Jul/2022:13:43:23] (S): Processed single menu item.
[03/Jul/2022:13:43:23] (P): Processing single menu item ' '...
[03/Jul/2022:13:43:23] (S): Processed single menu item.
[03/Jul/2022:13:43:23] (P): Inserting page: Contact Us .
[03/Jul/2022:13:43:23] (S): Done inserting page: Contact Us .
[03/Jul/2022:13:43:23] (P): Processing single menu item ' '...
[03/Jul/2022:13:43:23] (S): Processed single menu item.
[03/Jul/2022:13:43:23] (P): Inserting custom_css: neve .
[03/Jul/2022:13:43:23] (S): Done inserting custom_css: neve .
[03/Jul/2022:13:43:23] (P): Processing attachment: https://s33834.pcdn.co/web-agency-gb/wp-content/uploads/sites/422/2021/06/email-sm.png...
[03/Jul/2022:13:43:23] (P): Fetching attachment from url: https://s33834.pcdn.co/web-agency-gb/wp-content/uploads/sites/422/2021/06/email-sm.png...
[03/Jul/2022:13:43:23] (S): Fetched remote attachment.
[03/Jul/2022:13:43:23] (P): Inserting attachment...
[03/Jul/2022:13:43:23] (S): Attachment inserted
[03/Jul/2022:13:43:23] (S): Processed attachment.
[03/Jul/2022:13:43:23] (P): Inserting post: Best Calligraphy Fonts for Logos .
[03/Jul/2022:13:43:23] (S): Done inserting post: Best Calligraphy Fonts for Logos .
[03/Jul/2022:13:43:23] (P): Inserting post: Knowing Your User. The importance of User Research. .
[03/Jul/2022:13:43:23] (S): Done inserting post: Knowing Your User. The importance of User Research. .
[03/Jul/2022:13:43:23] (P): Inserting post: What is the Progressive Web App (PWA) and how it works? .
[03/Jul/2022:13:43:23] (S): Done inserting post: What is the Progressive Web App (PWA) and how it works? .
[03/Jul/2022:13:43:23] (P): Inserting wp_block: 3 column section .
[03/Jul/2022:13:43:23] (S): Done inserting wp_block: 3 column section .
[03/Jul/2022:13:43:23] (P): Inserting wp_block: Team Social Icons .
[03/Jul/2022:13:43:23] (S): Done inserting wp_block: Team Social Icons .
[03/Jul/2022:13:43:23] (S): Processed posts.
[03/Jul/2022:13:43:23] (P): Cleaning up import with id ...
[03/Jul/2022:13:43:23] (P): Done cleanup. Flushing cache...
[03/Jul/2022:13:43:23] (P): Flushed cache. Removing temporary data..
[03/Jul/2022:13:43:24] (S): Done importing
[03/Jul/2022:13:43:24] (P): Busting elementor cache
[03/Jul/2022:13:43:24] (S): Front page set up with id: 308.
